<?xml version="1.0" encoding="UTF-8"?>
<!-- Generated by org.testng.reporters.JUnitReportReporter -->
<testsuite hostname="SUCHITRA" failures="0" tests="2" name="TestNG.AnnotationAttributes2" time="5.733" errors="0" timestamp="2024-05-08T09:08:01 IST" skipped="1">
  <testcase classname="TestNG.AnnotationAttributes2" name="register" time="5.733"/>
  <system-out>
    <![CDATA[register testcase executed]]>
  </system-out>
  <testcase classname="TestNG.AnnotationAttributes2" name="login">
    <skipped/>
  </testcase> <!-- login -->
  <system-out/>
</testsuite> <!-- TestNG.AnnotationAttributes2 -->
