<?xml version="1.0" encoding="UTF-8"?>
<!-- Generated by org.testng.reporters.JUnitReportReporter -->
<testsuite hostname="SUCHITRA" failures="0" tests="2" name="Testng.AnnotationAttribute" time="0.021" errors="0" timestamp="2024-05-08T08:33:24 IST" skipped="0">
  <testcase classname="Testng.AnnotationAttribute" name="sample" time="0.016"/>
  <system-out>
    <![CDATA[Sample testcase executed]]>
  </system-out>
  <testcase classname="Testng.AnnotationAttribute" name="demo" time="0.005"/>
  <system-out>
    <![CDATA[demo testcase executed]]>
  </system-out>
</testsuite> <!-- Testng.AnnotationAttribute -->
