<?xml version="1.0" encoding="UTF-8"?>
<!-- Generated by org.testng.reporters.JUnitReportReporter -->
<testsuite hostname="SUCHITRA" failures="0" tests="3" name="dataProvider.ToLearDataProvider" time="39.007" errors="0" timestamp="2024-05-13T09:25:48 IST" skipped="0">
  <testcase classname="dataProvider.ToLearDataProvider" name="login" time="13.288"/>
  <system-out/>
  <testcase classname="dataProvider.ToLearDataProvider" name="login" time="14.454"/>
  <system-out/>
  <testcase classname="dataProvider.ToLearDataProvider" name="login" time="11.265"/>
  <system-out/>
</testsuite> <!-- dataProvider.ToLearDataProvider -->
