<?xml version="1.0" encoding="UTF-8"?>
<!-- Generated by org.testng.reporters.JUnitReportReporter -->
<testsuite hostname="SUCHITRA" failures="0" tests="1" name="TestNG.Lomborghini" time="58.214" errors="0" timestamp="2024-05-09T09:27:45 IST" skipped="0">
  <testcase classname="TestNG.Lomborghini" name="launch" time="58.214"/>
  <system-out>
    <![CDATA[Lomborghini launched successfully]]>
  </system-out>
</testsuite> <!-- TestNG.Lomborghini -->
