<?xml version="1.0" encoding="UTF-8"?>
<!-- Generated by org.testng.reporters.JUnitReportReporter -->
<testsuite hostname="SUCHITRA" failures="0" tests="3" name="crossBrowserTesting.TestScript" time="34.896" errors="0" timestamp="2024-05-15T09:18:43 IST" skipped="0">
  <testcase classname="crossBrowserTesting.TestScript" name="launch" time="14.522"/>
  <system-out/>
  <testcase classname="crossBrowserTesting.TestScript" name="launch" time="7.940"/>
  <system-out/>
  <testcase classname="crossBrowserTesting.TestScript" name="launch" time="12.434"/>
  <system-out/>
</testsuite> <!-- crossBrowserTesting.TestScript -->
