<?xml version="1.0" encoding="UTF-8"?>
<!-- Generated by org.testng.reporters.JUnitReportReporter -->
<testsuite hostname="SUCHITRA" failures="0" tests="1" name="TestNG.Ferrari" time="44.338" errors="0" timestamp="2024-05-09T09:25:30 IST" skipped="0">
  <testcase classname="TestNG.Ferrari" name="launch" time="44.338"/>
  <system-out>
    <![CDATA[Ferrari launched successfully]]>
  </system-out>
</testsuite> <!-- TestNG.Ferrari -->
