<?xml version="1.0" encoding="UTF-8"?>
<!-- Generated by org.testng.reporters.JUnitReportReporter -->
<testsuite hostname="SUCHITRA" failures="0" tests="3" name="TestNG.Assignment" time="0.007" errors="0" timestamp="2024-05-08T09:29:28 IST" skipped="0">
  <testcase classname="TestNG.Assignment" name="editAccount" time="0.001"/>
  <system-out>
    <![CDATA[Account Edited]]>
  </system-out>
  <testcase classname="TestNG.Assignment" name="createAccount" time="0.005"/>
  <system-out>
    <![CDATA[Account created]]>
  </system-out>
  <testcase classname="TestNG.Assignment" name="deleteAccount" time="0.001"/>
  <system-out>
    <![CDATA[Account Deleted]]>
  </system-out>
</testsuite> <!-- TestNG.Assignment -->
