<?xml version="1.0" encoding="UTF-8"?>
<!-- Generated by org.testng.reporters.JUnitReportReporter -->
<testsuite hostname="SUCHITRA" failures="0" tests="3" name="dataProvider.DemoWebshopLogin" time="41.492" errors="0" timestamp="2024-05-13T09:15:56 IST" skipped="0">
  <testcase classname="dataProvider.DemoWebshopLogin" name="login" time="9.232"/>
  <system-out/>
  <testcase classname="dataProvider.DemoWebshopLogin" name="login" time="23.529"/>
  <system-out/>
  <testcase classname="dataProvider.DemoWebshopLogin" name="login" time="8.731"/>
  <system-out/>
</testsuite> <!-- dataProvider.DemoWebshopLogin -->
