<?xml version="1.0" encoding="UTF-8"?>
<!-- Generated by org.testng.reporters.JUnitReportReporter -->
<testsuite hostname="SUCHITRA" failures="0" tests="1" name="TestNG.ConfigurationAnnotation" time="0.008" errors="0" timestamp="2024-05-24T15:12:52 IST" skipped="0">
  <testcase classname="TestNG.ConfigurationAnnotation" name="demo" time="0.008"/>
  <system-out>
    <![CDATA[@Test(demo) executed]]>
  </system-out>
</testsuite> <!-- TestNG.ConfigurationAnnotation -->
