<?xml version="1.0" encoding="UTF-8"?>
<!-- Generated by org.testng.reporters.JUnitReportReporter -->
<testsuite hostname="SUCHITRA" failures="0" tests="1" name="assertion.Verification" time="8.673" errors="0" timestamp="2024-05-14T09:13:05 IST" skipped="0">
  <testcase classname="assertion.Verification" name="login" time="8.673"/>
  <system-out>
    <![CDATA[log in page is displayed
Log in page is not  displayed
Home page is not  displayed
Home  page is displayed]]>
  </system-out>
</testsuite> <!-- assertion.Verification -->
