<?xml version="1.0" encoding="UTF-8"?>
<!-- Generated by org.testng.reporters.JUnitReportReporter -->
<testsuite hostname="SUCHITRA" failures="0" tests="1" name="TestNG.TestScript" time="5.290" errors="0" timestamp="2024-05-20T10:53:12 IST" skipped="0">
  <testcase classname="TestNG.TestScript" name="clickOnButton" time="5.290"/>
  <system-out>
    <![CDATA[Books page is displayed]]>
  </system-out>
</testsuite> <!-- TestNG.TestScript -->
